{"event": "OperationOutcome issue code: exception.", "level": "info", "timestamp": "2024-08-21T12:34:46.738923Z"}
{"event": "OperationOutcome issue code: invalid.", "level": "error", "timestamp": "2024-08-21T12:35:27.515683Z"}
{"event": "OperationOutcome issue code: invalid.", "level": "error", "timestamp": "2024-08-21T12:35:34.038352Z"}
{"event": "GET request to https://ship.ume.de/app/FHIR/r4 returned status code 401.", "level": "info", "timestamp": "2024-08-21T12:36:34.325830Z"}
{"event": "OperationOutcome issue code: exception.", "level": "error", "timestamp": "2024-08-21T12:36:34.788087Z"}
{"event": "GET request to https://ship.ume.de/app/FHIR/r4 returned status code 401.", "level": "info", "timestamp": "2024-08-21T12:37:39.435181Z"}
{"event": "OperationOutcome issue code: exception.", "level": "error", "timestamp": "2024-08-21T12:37:39.944225Z"}
{"event": "GET request to https://ship.ume.de/app/FHIR/r4 returned status code 401.", "level": "info", "timestamp": "2024-08-21T12:38:00.928071Z"}
{"event": "OperationOutcome issue code: exception.", "level": "error", "timestamp": "2024-08-21T12:38:01.393726Z"}
{"event": "GET request to https://ship.ume.de/app/FHIR/r4 returned status code 401.", "level": "info", "timestamp": "2024-08-21T12:38:16.566039Z"}
{"event": "OperationOutcome issue code: exception.", "level": "error", "timestamp": "2024-08-21T12:38:17.018122Z"}
{"event": "GET request to https://ship.ume.de/app/FHIR/r4 returned status code 401.", "level": "info", "timestamp": "2024-08-21T12:38:53.708638Z"}
{"event": "OperationOutcome issue code: exception.", "level": "error", "timestamp": "2024-08-21T12:38:54.204437Z"}
{"event": "GET request to https://ship.ume.de/app/FHIR/r4 returned status code 401.", "level": "info", "timestamp": "2024-08-21T12:39:49.365145Z"}
{"event": "OperationOutcome issue code: exception.", "level": "error", "timestamp": "2024-08-21T12:39:49.870956Z"}
{"event": "GET request to https://ship.ume.de/app/FHIR/r4 returned status code 401.", "level": "info", "timestamp": "2024-08-21T12:40:17.023093Z"}
{"event": "OperationOutcome issue code: exception.", "level": "error", "timestamp": "2024-08-21T12:40:18.511080Z"}
{"event": "GET request to https://ship.ume.de/app/FHIR/r4 returned status code 401.", "level": "info", "timestamp": "2024-08-21T12:40:37.558859Z"}
{"event": "OperationOutcome issue code: exception.", "level": "error", "timestamp": "2024-08-21T12:40:38.005596Z"}
{"event": "GET request to https://ship.ume.de/app/FHIR/r4 returned status code 401.", "level": "info", "timestamp": "2024-08-21T12:41:02.457140Z"}
{"event": "OperationOutcome issue code: exception.", "level": "error", "timestamp": "2024-08-21T12:41:02.912367Z"}
{"event": "GET request to https://ship.ume.de/app/FHIR/r4 returned status code 401.", "level": "info", "timestamp": "2024-08-21T12:41:17.760476Z"}
{"event": "OperationOutcome issue code: exception.", "level": "error", "timestamp": "2024-08-21T12:41:18.304523Z"}
{"event": "GET request to https://ship.ume.de/app/FHIR/r4 returned status code 401.", "level": "info", "timestamp": "2024-08-21T12:41:48.264071Z"}
{"event": "OperationOutcome issue code: exception.", "level": "error", "timestamp": "2024-08-21T12:41:48.862815Z"}
{"event": "GET request to https://ship.ume.de/app/FHIR/r4 returned status code 401.", "level": "info", "timestamp": "2024-08-21T12:45:05.785295Z"}
{"event": "OperationOutcome issue code: exception.", "level": "error", "timestamp": "2024-08-21T12:45:06.225973Z"}
{"event": "GET request to https://ship.ume.de/app/FHIR/r4 returned status code 401.", "level": "info", "timestamp": "2024-08-21T12:48:07.144894Z"}
{"event": "GET request to https://ship.ume.de/app/FHIR/r4 returned status code 401.", "level": "info", "timestamp": "2024-08-21T12:48:54.939434Z"}
{"event": "OperationOutcome issue code: login.", "level": "error", "timestamp": "2024-08-21T12:48:55.020441Z"}
{"event": "GET request to https://ship.ume.de/app/FHIR/r4 returned status code 401.", "level": "info", "timestamp": "2024-08-21T12:50:04.754367Z"}
{"event": "OperationOutcome issue code: login.", "level": "error", "timestamp": "2024-08-21T12:50:04.833944Z"}
{"event": "GET request to https://ship.ume.de/app/FHIR/r4 returned status code 401.", "level": "info", "timestamp": "2024-08-21T12:50:23.084020Z"}
{"event": "OperationOutcome issue code: login.", "level": "error", "timestamp": "2024-08-21T12:50:23.165671Z"}
{"event": "GET request to https://ship.ume.de/app/FHIR/r4 returned status code 401.", "level": "info", "timestamp": "2024-08-21T12:50:45.767184Z"}
{"event": "GET request to https://ship.ume.de/app/FHIR/r4 returned status code 401.", "level": "info", "timestamp": "2024-08-21T12:51:10.151716Z"}
{"event": "GET request to https://ship.ume.de/app/FHIR/r4 returned status code 401.", "level": "info", "timestamp": "2024-08-21T12:51:26.203805Z"}
{"event": "OperationOutcome issue code: exception.", "level": "error", "timestamp": "2024-08-21T12:51:26.871869Z"}
{"event": "GET request to https://ship.ume.de/app/FHIR/r4 returned status code 401.", "level": "info", "timestamp": "2024-08-21T12:52:04.722117Z"}
{"event": "OperationOutcome issue code: exception.", "level": "error", "timestamp": "2024-08-21T12:52:05.143351Z"}
{"event": "GET request to https://ship.ume.de/app/FHIR/r4 returned status code 401.", "level": "info", "timestamp": "2024-08-21T12:53:02.504784Z"}
{"event": "GET request to https://ship.ume.de/app/FHIR/r4 returned status code 401.", "level": "info", "timestamp": "2024-08-21T12:56:07.495246Z"}
{"event": "GET request to https://ship.ume.de/app/FHIR/r4 returned status code 401.", "level": "info", "timestamp": "2024-08-21T12:56:28.317736Z"}
{"event": "OperationOutcome issue code: exception.", "level": "error", "timestamp": "2024-08-21T12:56:28.850502Z"}
{"event": "GET request to https://ship.ume.de/app/FHIR/r4 returned status code 401.", "level": "info", "timestamp": "2024-08-21T12:57:23.357555Z"}
{"event": "OperationOutcome issue code: exception.", "level": "error", "timestamp": "2024-08-21T12:57:24.282358Z"}
{"event": "GET request to https://ship.ume.de/app/FHIR/r4 returned status code 401.", "level": "info", "timestamp": "2024-08-21T12:57:58.655262Z"}
{"event": "OperationOutcome issue code: exception.", "level": "error", "timestamp": "2024-08-21T12:57:59.293607Z"}
{"event": "GET request to https://ship.ume.de/app/FHIR/r4 returned status code 401.", "level": "info", "timestamp": "2024-08-21T12:58:10.728343Z"}
{"event": "OperationOutcome issue code: exception.", "level": "error", "timestamp": "2024-08-21T12:58:11.194722Z"}
{"event": "GET request to https://ship.ume.de/app/FHIR/r4 returned status code 401.", "level": "info", "timestamp": "2024-08-21T12:58:35.947540Z"}
{"event": "OperationOutcome issue code: exception.", "level": "error", "timestamp": "2024-08-21T12:58:37.436977Z"}
{"event": "GET request to https://ship.ume.de/app/FHIR/r4 returned status code 401.", "level": "info", "timestamp": "2024-08-21T13:00:02.139639Z"}
{"event": "OperationOutcome issue code: exception.", "level": "error", "timestamp": "2024-08-21T13:00:03.080356Z"}
{"event": "GET request to https://ship.ume.de/app/FHIR/r4 returned status code 401.", "level": "info", "timestamp": "2024-08-21T13:00:24.296242Z"}
{"event": "OperationOutcome issue code: exception.", "level": "error", "timestamp": "2024-08-21T13:00:24.741013Z"}
{"event": "GET request to https://ship.ume.de/app/FHIR/r4 returned status code 401.", "level": "info", "timestamp": "2024-08-21T13:00:37.039732Z"}
{"event": "OperationOutcome issue code: exception.", "level": "error", "timestamp": "2024-08-21T13:00:37.620415Z"}
{"event": "GET request to https://ship.ume.de/app/FHIR/r4 returned status code 401.", "level": "info", "timestamp": "2024-08-21T13:01:27.594534Z"}
{"event": "OperationOutcome issue code: exception.", "level": "error", "timestamp": "2024-08-21T13:01:28.000805Z"}
{"event": "GET request to https://ship.ume.de/app/FHIR/r4 returned status code 401.", "level": "info", "timestamp": "2024-08-21T13:01:46.938135Z"}
{"event": "OperationOutcome issue code: exception.", "level": "error", "timestamp": "2024-08-21T13:01:47.559073Z"}
{"event": "GET request to https://ship.ume.de/app/FHIR/r4 returned status code 401.", "level": "info", "timestamp": "2024-08-21T13:03:06.268744Z"}
{"event": "GET request to https://ship.ume.de/app/FHIR/r4 returned status code 401.", "level": "info", "timestamp": "2024-08-21T13:04:05.109108Z"}
{"event": "GET request to https://ship.ume.de/app/FHIR/r4 returned status code 401.", "level": "info", "timestamp": "2024-08-21T13:04:38.681985Z"}
{"event": "GET request to https://ship.ume.de/app/FHIR/r4 returned status code 401.", "level": "info", "timestamp": "2024-08-21T13:05:05.612172Z"}
{"event": "GET request to https://ship.ume.de/app/FHIR/r4 returned status code 401.", "level": "info", "timestamp": "2024-08-21T13:05:12.392064Z"}
{"event": "GET request to https://ship.ume.de/app/FHIR/r4 returned status code 401.", "level": "info", "timestamp": "2024-08-21T13:07:16.686717Z"}
{"event": "GET request to https://ship.ume.de/app/FHIR/r4 returned status code 401.", "level": "info", "timestamp": "2024-08-21T13:08:29.061476Z"}
{"event": "GET request to https://ship.ume.de/app/FHIR/r4 returned status code 401.", "level": "info", "timestamp": "2024-08-21T13:08:40.380903Z"}
{"event": "GET request to https://ship.ume.de/app/FHIR/r4 returned status code 401.", "level": "info", "timestamp": "2024-08-21T13:09:14.643092Z"}
